<?xml version="1.0" encoding="UTF-8"?>
<testExecutions version="1">
  <file path="D:\test\ny-times-article\src\common\lib\storage\storage.spec.ts">
    <testCase name="storage lib get returns null when localStorage is not available" duration="6"/>
    <testCase name="storage lib get returns the value for a given key when it exists" duration="3"/>
    <testCase name="storage lib get returns null when no value is set for the given key" duration="1"/>
    <testCase name="storage lib set sets the value for a given key" duration="1"/>
    <testCase name="storage lib remove removes the value for a given key" duration="1"/>
    <testCase name="storage lib clear removes all values from localStorage" duration="2"/>
  </file>
  <file path="D:\test\ny-times-article\src\pages\__test__\slug.spec.tsx">
  </file>
  <file path="D:\test\ny-times-article\src\helpers\helpers.spec.ts">
    <testCase name="Encryption and Decryption functions should correctly encode and decode a string" duration="7"/>
    <testCase name="Encryption and Decryption functions should correctly encode and decode an object" duration="5"/>
    <testCase name="InitializeData and ResetData functions should initialize data if it does not exist" duration="3"/>
    <testCase name="InitializeData and ResetData functions should reset data to initial value" duration="6"/>
    <testCase name="GetDataUser function should return undefined if data does not exist" duration="1"/>
    <testCase name="GetDataUser function should return decrypted data if it exists" duration="3"/>
  </file>
  <file path="D:\test\ny-times-article\src\components\navLink\navLink.spec.tsx">
    <testCase name="NavLink renders the NavLink correctly" duration="303"/>
    <testCase name="NavLink applies the correct decoration when the current path matches the href" duration="13"/>
    <testCase name="NavLink applies the correct decoration when the current path does not match the href" duration="12"/>
    <testCase name="NavLink calls router.push when the NavLink is clicked" duration="27"/>
  </file>
  <file path="D:\test\ny-times-article\src\components\button\button.spec.tsx">
    <testCase name="Button renders the button correctly" duration="303"/>
    <testCase name="Button calls onClick function when the button is clicked" duration="31"/>
    <testCase name="Button applies the correct base class based on the variant prop" duration="25"/>
    <testCase name="Button applies the correct base class based on the variant info prop" duration="25"/>
  </file>
  <file path="D:\test\ny-times-article\src\components\card\card.spec.tsx">
    <testCase name="Card renders the card correctly" duration="633"/>
    <testCase name="Card calls onReadMore function when &quot;Read More&quot; button is clicked" duration="66"/>
  </file>
  <file path="D:\test\ny-times-article\src\components\modal\modal.spec.tsx">
    <testCase name="Modal renders the modal correctly" duration="524"/>
    <testCase name="Modal applies the correct base class based on the variant prop" duration="153">
      <failure message="ReferenceError: ResizeObserver is not defined"><![CDATA[ReferenceError: ResizeObserver is not defined
    at D:\test\ny-times-article\node_modules\@headlessui\react\dist\headlessui.dev.cjs:3099:20
    at commitHookEffectListMount (D:\test\ny-times-article\node_modules\react-dom\cjs\react-dom.development.js:23150:26)
    at commitPassiveMountOnFiber (D:\test\ny-times-article\node_modules\react-dom\cjs\react-dom.development.js:24931:11)
    at commitPassiveMountEffects_complete (D:\test\ny-times-article\node_modules\react-dom\cjs\react-dom.development.js:24891:9)
    at commitPassiveMountEffects_begin (D:\test\ny-times-article\node_modules\react-dom\cjs\react-dom.development.js:24878:7)
    at commitPassiveMountEffects (D:\test\ny-times-article\node_modules\react-dom\cjs\react-dom.development.js:24866:3)
    at flushPassiveEffectsImpl (D:\test\ny-times-article\node_modules\react-dom\cjs\react-dom.development.js:27039:3)
    at flushPassiveEffects (D:\test\ny-times-article\node_modules\react-dom\cjs\react-dom.development.js:26984:14)
    at performSyncWorkOnRoot (D:\test\ny-times-article\node_modules\react-dom\cjs\react-dom.development.js:26076:3)
    at flushSyncCallbacks (D:\test\ny-times-article\node_modules\react-dom\cjs\react-dom.development.js:12042:22)
    at commitRootImpl (D:\test\ny-times-article\node_modules\react-dom\cjs\react-dom.development.js:26959:3)
    at commitRoot (D:\test\ny-times-article\node_modules\react-dom\cjs\react-dom.development.js:26682:5)
    at finishConcurrentRender (D:\test\ny-times-article\node_modules\react-dom\cjs\react-dom.development.js:25981:9)
    at performConcurrentWorkOnRoot (D:\test\ny-times-article\node_modules\react-dom\cjs\react-dom.development.js:25809:7)
    at flushActQueue (D:\test\ny-times-article\node_modules\react\cjs\react.development.js:2667:24)
    at act (D:\test\ny-times-article\node_modules\react\cjs\react.development.js:2582:11)
    at D:\test\ny-times-article\node_modules\@testing-library\react\dist\act-compat.js:46:25
    at renderRoot (D:\test\ny-times-article\node_modules\@testing-library\react\dist\pure.js:161:26)
    at render (D:\test\ny-times-article\node_modules\@testing-library\react\dist\pure.js:247:10)
    at renderModal (D:\test\ny-times-article\src\components\modal\modal.spec.tsx:8:18)
    at Object.renderModal (D:\test\ny-times-article\src\components\modal\modal.spec.tsx:29:27)
    at Promise.then.completed (D:\test\ny-times-article\node_modules\jest-circus\build\utils.js:293:28)
    at new Promise (<anonymous>)
    at callAsyncCircusFn (D:\test\ny-times-article\node_modules\jest-circus\build\utils.js:226:10)
    at _callCircusTest (D:\test\ny-times-article\node_modules\jest-circus\build\run.js:297:40)
    at processTicksAndRejections (node:internal/process/task_queues:96:5)
    at _runTest (D:\test\ny-times-article\node_modules\jest-circus\build\run.js:233:3)
    at _runTestsForDescribeBlock (D:\test\ny-times-article\node_modules\jest-circus\build\run.js:135:9)
    at _runTestsForDescribeBlock (D:\test\ny-times-article\node_modules\jest-circus\build\run.js:130:9)
    at run (D:\test\ny-times-article\node_modules\jest-circus\build\run.js:68:3)
    at runAndTransformResultsToJestFormat (D:\test\ny-times-article\node_modules\jest-circus\build\legacy-code-todo-rewrite\jestAdapterInit.js:122:21)
    at jestAdapter (D:\test\ny-times-article\node_modules\jest-circus\build\legacy-code-todo-rewrite\jestAdapter.js:79:19)
    at runTestInternal (D:\test\ny-times-article\node_modules\jest-runner\build\runTest.js:367:16)
    at runTest (D:\test\ny-times-article\node_modules\jest-runner\build\runTest.js:444:34)
    at Object.worker (D:\test\ny-times-article\node_modules\jest-runner\build\testWorker.js:106:12)]]></failure>
    </testCase>
    <testCase name="Modal applies the correct base class based on the variant success" duration="54">
      <failure message="ReferenceError: ResizeObserver is not defined"><![CDATA[ReferenceError: ResizeObserver is not defined
    at D:\test\ny-times-article\node_modules\@headlessui\react\dist\headlessui.dev.cjs:3099:20
    at commitHookEffectListMount (D:\test\ny-times-article\node_modules\react-dom\cjs\react-dom.development.js:23150:26)
    at commitPassiveMountOnFiber (D:\test\ny-times-article\node_modules\react-dom\cjs\react-dom.development.js:24931:11)
    at commitPassiveMountEffects_complete (D:\test\ny-times-article\node_modules\react-dom\cjs\react-dom.development.js:24891:9)
    at commitPassiveMountEffects_begin (D:\test\ny-times-article\node_modules\react-dom\cjs\react-dom.development.js:24878:7)
    at commitPassiveMountEffects (D:\test\ny-times-article\node_modules\react-dom\cjs\react-dom.development.js:24866:3)
    at flushPassiveEffectsImpl (D:\test\ny-times-article\node_modules\react-dom\cjs\react-dom.development.js:27039:3)
    at flushPassiveEffects (D:\test\ny-times-article\node_modules\react-dom\cjs\react-dom.development.js:26984:14)
    at performSyncWorkOnRoot (D:\test\ny-times-article\node_modules\react-dom\cjs\react-dom.development.js:26076:3)
    at flushSyncCallbacks (D:\test\ny-times-article\node_modules\react-dom\cjs\react-dom.development.js:12042:22)
    at commitRootImpl (D:\test\ny-times-article\node_modules\react-dom\cjs\react-dom.development.js:26959:3)
    at commitRoot (D:\test\ny-times-article\node_modules\react-dom\cjs\react-dom.development.js:26682:5)
    at finishConcurrentRender (D:\test\ny-times-article\node_modules\react-dom\cjs\react-dom.development.js:25981:9)
    at performConcurrentWorkOnRoot (D:\test\ny-times-article\node_modules\react-dom\cjs\react-dom.development.js:25809:7)
    at flushActQueue (D:\test\ny-times-article\node_modules\react\cjs\react.development.js:2667:24)
    at act (D:\test\ny-times-article\node_modules\react\cjs\react.development.js:2582:11)
    at D:\test\ny-times-article\node_modules\@testing-library\react\dist\act-compat.js:46:25
    at renderRoot (D:\test\ny-times-article\node_modules\@testing-library\react\dist\pure.js:161:26)
    at render (D:\test\ny-times-article\node_modules\@testing-library\react\dist\pure.js:247:10)
    at renderModal (D:\test\ny-times-article\src\components\modal\modal.spec.tsx:8:18)
    at Object.renderModal (D:\test\ny-times-article\src\components\modal\modal.spec.tsx:43:27)
    at Promise.then.completed (D:\test\ny-times-article\node_modules\jest-circus\build\utils.js:293:28)
    at new Promise (<anonymous>)
    at callAsyncCircusFn (D:\test\ny-times-article\node_modules\jest-circus\build\utils.js:226:10)
    at _callCircusTest (D:\test\ny-times-article\node_modules\jest-circus\build\run.js:297:40)
    at processTicksAndRejections (node:internal/process/task_queues:96:5)
    at _runTest (D:\test\ny-times-article\node_modules\jest-circus\build\run.js:233:3)
    at _runTestsForDescribeBlock (D:\test\ny-times-article\node_modules\jest-circus\build\run.js:135:9)
    at _runTestsForDescribeBlock (D:\test\ny-times-article\node_modules\jest-circus\build\run.js:130:9)
    at run (D:\test\ny-times-article\node_modules\jest-circus\build\run.js:68:3)
    at runAndTransformResultsToJestFormat (D:\test\ny-times-article\node_modules\jest-circus\build\legacy-code-todo-rewrite\jestAdapterInit.js:122:21)
    at jestAdapter (D:\test\ny-times-article\node_modules\jest-circus\build\legacy-code-todo-rewrite\jestAdapter.js:79:19)
    at runTestInternal (D:\test\ny-times-article\node_modules\jest-runner\build\runTest.js:367:16)
    at runTest (D:\test\ny-times-article\node_modules\jest-runner\build\runTest.js:444:34)
    at Object.worker (D:\test\ny-times-article\node_modules\jest-runner\build\testWorker.js:106:12)]]></failure>
    </testCase>
    <testCase name="Modal calls onClose function when the modal is closed" duration="41">
      <failure message="ReferenceError: ResizeObserver is not defined"><![CDATA[ReferenceError: ResizeObserver is not defined
    at D:\test\ny-times-article\node_modules\@headlessui\react\dist\headlessui.dev.cjs:3099:20
    at commitHookEffectListMount (D:\test\ny-times-article\node_modules\react-dom\cjs\react-dom.development.js:23150:26)
    at commitPassiveMountOnFiber (D:\test\ny-times-article\node_modules\react-dom\cjs\react-dom.development.js:24931:11)
    at commitPassiveMountEffects_complete (D:\test\ny-times-article\node_modules\react-dom\cjs\react-dom.development.js:24891:9)
    at commitPassiveMountEffects_begin (D:\test\ny-times-article\node_modules\react-dom\cjs\react-dom.development.js:24878:7)
    at commitPassiveMountEffects (D:\test\ny-times-article\node_modules\react-dom\cjs\react-dom.development.js:24866:3)
    at flushPassiveEffectsImpl (D:\test\ny-times-article\node_modules\react-dom\cjs\react-dom.development.js:27039:3)
    at flushPassiveEffects (D:\test\ny-times-article\node_modules\react-dom\cjs\react-dom.development.js:26984:14)
    at performSyncWorkOnRoot (D:\test\ny-times-article\node_modules\react-dom\cjs\react-dom.development.js:26076:3)
    at flushSyncCallbacks (D:\test\ny-times-article\node_modules\react-dom\cjs\react-dom.development.js:12042:22)
    at commitRootImpl (D:\test\ny-times-article\node_modules\react-dom\cjs\react-dom.development.js:26959:3)
    at commitRoot (D:\test\ny-times-article\node_modules\react-dom\cjs\react-dom.development.js:26682:5)
    at finishConcurrentRender (D:\test\ny-times-article\node_modules\react-dom\cjs\react-dom.development.js:25981:9)
    at performConcurrentWorkOnRoot (D:\test\ny-times-article\node_modules\react-dom\cjs\react-dom.development.js:25809:7)
    at flushActQueue (D:\test\ny-times-article\node_modules\react\cjs\react.development.js:2667:24)
    at act (D:\test\ny-times-article\node_modules\react\cjs\react.development.js:2582:11)
    at D:\test\ny-times-article\node_modules\@testing-library\react\dist\act-compat.js:46:25
    at renderRoot (D:\test\ny-times-article\node_modules\@testing-library\react\dist\pure.js:161:26)
    at render (D:\test\ny-times-article\node_modules\@testing-library\react\dist\pure.js:247:10)
    at renderModal (D:\test\ny-times-article\src\components\modal\modal.spec.tsx:8:18)
    at Object.renderModal (D:\test\ny-times-article\src\components\modal\modal.spec.tsx:57:27)
    at Promise.then.completed (D:\test\ny-times-article\node_modules\jest-circus\build\utils.js:293:28)
    at new Promise (<anonymous>)
    at callAsyncCircusFn (D:\test\ny-times-article\node_modules\jest-circus\build\utils.js:226:10)
    at _callCircusTest (D:\test\ny-times-article\node_modules\jest-circus\build\run.js:297:40)
    at processTicksAndRejections (node:internal/process/task_queues:96:5)
    at _runTest (D:\test\ny-times-article\node_modules\jest-circus\build\run.js:233:3)
    at _runTestsForDescribeBlock (D:\test\ny-times-article\node_modules\jest-circus\build\run.js:135:9)
    at _runTestsForDescribeBlock (D:\test\ny-times-article\node_modules\jest-circus\build\run.js:130:9)
    at run (D:\test\ny-times-article\node_modules\jest-circus\build\run.js:68:3)
    at runAndTransformResultsToJestFormat (D:\test\ny-times-article\node_modules\jest-circus\build\legacy-code-todo-rewrite\jestAdapterInit.js:122:21)
    at jestAdapter (D:\test\ny-times-article\node_modules\jest-circus\build\legacy-code-todo-rewrite\jestAdapter.js:79:19)
    at runTestInternal (D:\test\ny-times-article\node_modules\jest-runner\build\runTest.js:367:16)
    at runTest (D:\test\ny-times-article\node_modules\jest-runner\build\runTest.js:444:34)
    at Object.worker (D:\test\ny-times-article\node_modules\jest-runner\build\testWorker.js:106:12)]]></failure>
    </testCase>
  </file>
  <file path="D:\test\ny-times-article\src\common\api\api.spec.ts">
    <testCase name="const init Properties should return value const" duration="6"/>
    <testCase name="API module should make a GET request with the correct URL and API key" duration="3"/>
    <testCase name="API module should throw an error if the GET request fails" duration="2"/>
  </file>
  <file path="D:\test\ny-times-article\src\common\lib\format\format.spec.ts">
    <testCase name="formatToMoney function should return formatted string with dots for thousands separator" duration="7"/>
    <testCase name="formatDate formats the date string correctly" duration="112"/>
    <testCase name="formatDate returns an empty string when given an invalid date string" duration="8">
      <failure message="Error: expect(received).toBe(expected) // Object.is equality"><![CDATA[Error: expect(received).toBe(expected) // Object.is equality

Expected: ""
Received: "Invalid Date"
    at Object.toBe (D:\test\ny-times-article\src\common\lib\format\format.spec.ts:21:27)
    at Promise.then.completed (D:\test\ny-times-article\node_modules\jest-circus\build\utils.js:293:28)
    at new Promise (<anonymous>)
    at callAsyncCircusFn (D:\test\ny-times-article\node_modules\jest-circus\build\utils.js:226:10)
    at _callCircusTest (D:\test\ny-times-article\node_modules\jest-circus\build\run.js:297:40)
    at processTicksAndRejections (node:internal/process/task_queues:96:5)
    at _runTest (D:\test\ny-times-article\node_modules\jest-circus\build\run.js:233:3)
    at _runTestsForDescribeBlock (D:\test\ny-times-article\node_modules\jest-circus\build\run.js:135:9)
    at _runTestsForDescribeBlock (D:\test\ny-times-article\node_modules\jest-circus\build\run.js:130:9)
    at run (D:\test\ny-times-article\node_modules\jest-circus\build\run.js:68:3)
    at runAndTransformResultsToJestFormat (D:\test\ny-times-article\node_modules\jest-circus\build\legacy-code-todo-rewrite\jestAdapterInit.js:122:21)
    at jestAdapter (D:\test\ny-times-article\node_modules\jest-circus\build\legacy-code-todo-rewrite\jestAdapter.js:79:19)
    at runTestInternal (D:\test\ny-times-article\node_modules\jest-runner\build\runTest.js:367:16)
    at runTest (D:\test\ny-times-article\node_modules\jest-runner\build\runTest.js:444:34)
    at Object.worker (D:\test\ny-times-article\node_modules\jest-runner\build\testWorker.js:106:12)]]></failure>
    </testCase>
  </file>
  <file path="D:\test\ny-times-article\src\components\select\select.spec.tsx">
    <testCase name="Select renders the Select component correctly" duration="256">
      <failure message="TestingLibraryElementError: Unable to find a label with the text of: Select"><![CDATA[TestingLibraryElementError: Unable to find a label with the text of: Select

Ignored nodes: comments, script, style
<body>
  <div>
    <div
      class="inline-block relative w-32 my-auto"
    >
      <select
        class="block appearance-none w-full bg-white border border-gray-400 hover:border-gray-500 px-4 py-2 pr-8 rounded shadow leading-tight focus:outline-none focus:shadow-outline"
        id="select"
      >
        <option
          value="option1"
        >
          Option 1
        </option>
        <option
          value="option2"
        >
          Option 2
        </option>
        <option
          value="option3"
        >
          Option 3
        </option>
      </select>
      <div
        class="pointer-events-none absolute inset-y-0 right-0 flex items-center px-2 text-gray-700"
      >
        <svg
          class="fill-current h-4 w-4"
          viewBox="0 0 20 20"
          xmlns="http://www.w3.org/2000/svg"
        >
          <path
            d="M9.293 12.95l.707.707L15.657 8l-1.414-1.414L10 10.828 5.757 6.586 4.343 8z"
          />
        </svg>
      </div>
    </div>
  </div>
</body>
    at Object.getElementError (D:\test\ny-times-article\node_modules\@testing-library\dom\dist\config.js:37:19)
    at getAllByLabelText (D:\test\ny-times-article\node_modules\@testing-library\dom\dist\queries\label-text.js:111:38)
    at D:\test\ny-times-article\node_modules\@testing-library\dom\dist\query-helpers.js:52:17
    at D:\test\ny-times-article\node_modules\@testing-library\dom\dist\query-helpers.js:95:19
    at Object.getByLabelText (D:\test\ny-times-article\src\components\select\select.spec.tsx:24:27)
    at Promise.then.completed (D:\test\ny-times-article\node_modules\jest-circus\build\utils.js:293:28)
    at new Promise (<anonymous>)
    at callAsyncCircusFn (D:\test\ny-times-article\node_modules\jest-circus\build\utils.js:226:10)
    at _callCircusTest (D:\test\ny-times-article\node_modules\jest-circus\build\run.js:297:40)
    at processTicksAndRejections (node:internal/process/task_queues:96:5)
    at _runTest (D:\test\ny-times-article\node_modules\jest-circus\build\run.js:233:3)
    at _runTestsForDescribeBlock (D:\test\ny-times-article\node_modules\jest-circus\build\run.js:135:9)
    at _runTestsForDescribeBlock (D:\test\ny-times-article\node_modules\jest-circus\build\run.js:130:9)
    at run (D:\test\ny-times-article\node_modules\jest-circus\build\run.js:68:3)
    at runAndTransformResultsToJestFormat (D:\test\ny-times-article\node_modules\jest-circus\build\legacy-code-todo-rewrite\jestAdapterInit.js:122:21)
    at jestAdapter (D:\test\ny-times-article\node_modules\jest-circus\build\legacy-code-todo-rewrite\jestAdapter.js:79:19)
    at runTestInternal (D:\test\ny-times-article\node_modules\jest-runner\build\runTest.js:367:16)
    at runTest (D:\test\ny-times-article\node_modules\jest-runner\build\runTest.js:444:34)
    at Object.worker (D:\test\ny-times-article\node_modules\jest-runner\build\testWorker.js:106:12)]]></failure>
    </testCase>
    <testCase name="Select calls onSelect function when an option is selected" duration="29">
      <failure message="TestingLibraryElementError: Unable to find a label with the text of: Select"><![CDATA[TestingLibraryElementError: Unable to find a label with the text of: Select

Ignored nodes: comments, script, style
<body>
  <div>
    <div
      class="inline-block relative w-32 my-auto"
    >
      <select
        class="block appearance-none w-full bg-white border border-gray-400 hover:border-gray-500 px-4 py-2 pr-8 rounded shadow leading-tight focus:outline-none focus:shadow-outline"
        id="select"
      >
        <option
          value="option1"
        >
          Option 1
        </option>
        <option
          value="option2"
        >
          Option 2
        </option>
        <option
          value="option3"
        >
          Option 3
        </option>
      </select>
      <div
        class="pointer-events-none absolute inset-y-0 right-0 flex items-center px-2 text-gray-700"
      >
        <svg
          class="fill-current h-4 w-4"
          viewBox="0 0 20 20"
          xmlns="http://www.w3.org/2000/svg"
        >
          <path
            d="M9.293 12.95l.707.707L15.657 8l-1.414-1.414L10 10.828 5.757 6.586 4.343 8z"
          />
        </svg>
      </div>
    </div>
  </div>
</body>
    at Object.getElementError (D:\test\ny-times-article\node_modules\@testing-library\dom\dist\config.js:37:19)
    at getAllByLabelText (D:\test\ny-times-article\node_modules\@testing-library\dom\dist\queries\label-text.js:111:38)
    at D:\test\ny-times-article\node_modules\@testing-library\dom\dist\query-helpers.js:52:17
    at D:\test\ny-times-article\node_modules\@testing-library\dom\dist\query-helpers.js:95:19
    at Object.getByLabelText (D:\test\ny-times-article\src\components\select\select.spec.tsx:39:27)
    at Promise.then.completed (D:\test\ny-times-article\node_modules\jest-circus\build\utils.js:293:28)
    at new Promise (<anonymous>)
    at callAsyncCircusFn (D:\test\ny-times-article\node_modules\jest-circus\build\utils.js:226:10)
    at _callCircusTest (D:\test\ny-times-article\node_modules\jest-circus\build\run.js:297:40)
    at processTicksAndRejections (node:internal/process/task_queues:96:5)
    at _runTest (D:\test\ny-times-article\node_modules\jest-circus\build\run.js:233:3)
    at _runTestsForDescribeBlock (D:\test\ny-times-article\node_modules\jest-circus\build\run.js:135:9)
    at _runTestsForDescribeBlock (D:\test\ny-times-article\node_modules\jest-circus\build\run.js:130:9)
    at run (D:\test\ny-times-article\node_modules\jest-circus\build\run.js:68:3)
    at runAndTransformResultsToJestFormat (D:\test\ny-times-article\node_modules\jest-circus\build\legacy-code-todo-rewrite\jestAdapterInit.js:122:21)
    at jestAdapter (D:\test\ny-times-article\node_modules\jest-circus\build\legacy-code-todo-rewrite\jestAdapter.js:79:19)
    at runTestInternal (D:\test\ny-times-article\node_modules\jest-runner\build\runTest.js:367:16)
    at runTest (D:\test\ny-times-article\node_modules\jest-runner\build\runTest.js:444:34)
    at Object.worker (D:\test\ny-times-article\node_modules\jest-runner\build\testWorker.js:106:12)]]></failure>
    </testCase>
  </file>
  <file path="D:\test\ny-times-article\src\components\breadcumbs\breadcumbs.spec.tsx">
    <testCase name="BreadCrumbs renders the breadcrumbs correctly" duration="289"/>
  </file>
  <file path="D:\test\ny-times-article\src\pages\__test__\_app.spec.tsx">
    <testCase name="App renders the app component with a query client" duration="83"/>
  </file>
  <file path="D:\test\ny-times-article\src\hooks\useDebounce\useDebounce.spec.tsx">
    <testCase name="useDebounce should return the value after a delay" duration="1199"/>
  </file>
  <file path="D:\test\ny-times-article\src\components\container\container.spec.tsx">
    <testCase name="Container component renders its children" duration="90"/>
    <testCase name="Container component applies the correct class name" duration="10"/>
  </file>
  <file path="D:\test\ny-times-article\src\components\loading\loading.spec.tsx">
    <testCase name="Loading component does not render when isLoading is false" duration="37"/>
    <testCase name="Loading component renders when isLoading is true" duration="49"/>
  </file>
  <file path="D:\test\ny-times-article\src\pages\__test__\_document.spec.tsx">
    <testCase name="Document component renders without error" duration="58"/>
  </file>
  <file path="D:\test\ny-times-article\src\components\title\title.spec.tsx">
    <testCase name="Title component renders text" duration="105"/>
  </file>
  <file path="D:\test\ny-times-article\src\components\layout\layout.spec.tsx">
    <testCase name="Layout should call InitializeData on mount" duration="97"/>
  </file>
</testExecutions>